*ERROR* 	v8.1.7	2024/09/26 - 10:36:41: 
*ERROR* 	v8.1.7	2024/09/26 - 10:36:41:  [WARNING] Some commands could not be registered:                               
*ERROR* 	v8.1.7	2024/09/26 - 10:36:41: 
*ERROR* 	v8.1.7	2024/09/26 - 10:36:41: In Configuration.php line 331:
*ERROR* 	v8.1.7	2024/09/26 - 10:36:41:                                                                                
*ERROR* 	v8.1.7	2024/09/26 - 10:36:41:   PrestaShop\PrestaShop\Adapter\Configuration::restrictUpdatesTo(): Argument   
*ERROR* 	v8.1.7	2024/09/26 - 10:36:41:   #1 ($shop) must be of type Shop, null given, called in /opt/lampp/htdocs/pr  
*ERROR* 	v8.1.7	2024/09/26 - 10:36:41:   estashop/src/Core/Addon/Theme/ThemeManagerBuilder.php on line 61             
*ERROR* 	v8.1.7	2024/09/26 - 10:36:41:                                                                                
*ERROR* 	v8.1.7	2024/09/26 - 10:36:41: 
*ERROR* 	v8.1.7	2024/09/26 - 10:36:41: 
*ERROR* 	v8.1.7	2024/09/26 - 10:36:41:  [WARNING] Some commands could not be registered:                               
*ERROR* 	v8.1.7	2024/09/26 - 10:36:41: 
*ERROR* 	v8.1.7	2024/09/26 - 10:36:41: In Configuration.php line 331:
*ERROR* 	v8.1.7	2024/09/26 - 10:36:41:                                                                                
*ERROR* 	v8.1.7	2024/09/26 - 10:36:41:   PrestaShop\PrestaShop\Adapter\Configuration::restrictUpdatesTo(): Argument   
*ERROR* 	v8.1.7	2024/09/26 - 10:36:41:   #1 ($shop) must be of type Shop, null given, called in /opt/lampp/htdocs/pr  
*ERROR* 	v8.1.7	2024/09/26 - 10:36:41:   estashop/src/Core/Addon/Theme/ThemeManagerBuilder.php on line 61             
*ERROR* 	v8.1.7	2024/09/26 - 10:36:41:                                                                                
*ERROR* 	v8.1.7	2024/09/26 - 10:36:41: 
*ERROR* 	v8.1.7	2024/09/26 - 10:36:41: Updating database schema...
*ERROR* 	v8.1.7	2024/09/26 - 10:36:41: Executing: CREATE TABLE ps_lang (id_lang INT AUTO_INCREMENT NOT NULL, name VARCHAR(32) NOT NULL, active TINYINT(1) NOT NULL, iso_code VARCHAR(2) NOT NULL, language_code VARCHAR(5) NOT NULL, locale VARCHAR(5) NOT NULL, date_format_lite VARCHAR(32) NOT NULL, date_format_full VARCHAR(32) NOT NULL, is_rtl TINYINT(1) NOT NULL, PRIMARY KEY(id_lang)) DEFAULT CHARACTER SET utf8mb4 COLLATE `utf8mb4_unicode_ci` ENGINE = InnoDB
*ERROR* 	v8.1.7	2024/09/26 - 10:36:41: Executing: CREATE TABLE ps_lang_shop (id_lang INT NOT NULL, id_shop INT NOT NULL, INDEX IDX_2F43BFC7BA299860 (id_lang), INDEX IDX_2F43BFC7274A50A0 (id_shop), PRIMARY KEY(id_lang, id_shop)) DEFAULT CHARACTER SET utf8mb4 COLLATE `utf8mb4_unicode_ci` ENGINE = InnoDB
*ERROR* 	v8.1.7	2024/09/26 - 10:36:41: Executing: CREATE TABLE ps_translation (id_translation INT AUTO_INCREMENT NOT NULL, id_lang INT NOT NULL, `key` TEXT NOT NULL COLLATE `utf8_bin`, translation TEXT NOT NULL, domain VARCHAR(80) NOT NULL, theme VARCHAR(32) DEFAULT NULL, INDEX IDX_ADEBEB36BA299860 (id_lang), INDEX `key` (domain), PRIMARY KEY(id_translation)) DEFAULT CHARACTER SET utf8mb4 COLLATE `utf8mb4_unicode_ci` ENGINE = InnoDB
*ERROR* 	v8.1.7	2024/09/26 - 10:36:41: Executing: CREATE TABLE ps_shop (id_shop INT AUTO_INCREMENT NOT NULL, id_shop_group INT NOT NULL, name VARCHAR(64) NOT NULL, color VARCHAR(50) NOT NULL, id_category INT NOT NULL, theme_name VARCHAR(255) NOT NULL, active TINYINT(1) NOT NULL, deleted TINYINT(1) NOT NULL, INDEX IDX_CBDFBB9EF5C9E40 (id_shop_group), PRIMARY KEY(id_shop)) DEFAULT CHARACTER SET utf8mb4 COLLATE `utf8mb4_unicode_ci` ENGINE = InnoDB
*ERROR* 	v8.1.7	2024/09/26 - 10:36:41: Executing: CREATE TABLE ps_feature_flag (id_feature_flag INT UNSIGNED AUTO_INCREMENT NOT NULL, name VARCHAR(191) NOT NULL, state TINYINT(1) DEFAULT '0' NOT NULL, label_wording VARCHAR(512) DEFAULT '' NOT NULL, label_domain VARCHAR(255) DEFAULT '' NOT NULL, description_wording VARCHAR(512) DEFAULT '' NOT NULL, description_domain VARCHAR(255) DEFAULT '' NOT NULL, stability VARCHAR(64) DEFAULT 'beta' NOT NULL, UNIQUE INDEX UNIQ_91700F175E237E06 (name), PRIMARY KEY(id_feature_flag)) DEFAULT CHARACTER SET utf8mb4 COLLATE `utf8mb4_unicode_ci` ENGINE = InnoDB
*ERROR* 	v8.1.7	2024/09/26 - 10:36:41: Executing: CREATE TABLE ps_admin_filter (id INT AUTO_INCREMENT NOT NULL, employee INT NOT NULL, shop INT NOT NULL, controller VARCHAR(60) NOT NULL, action VARCHAR(100) NOT NULL, filter LONGTEXT NOT NULL, filter_id VARCHAR(191) NOT NULL, UNIQUE INDEX admin_filter_search_id_idx (employee, shop, controller, action, filter_id), PRIMARY KEY(id)) DEFAULT CHARACTER SET utf8mb4 COLLATE `utf8mb4_unicode_ci` ENGINE = InnoDB
*ERROR* 	v8.1.7	2024/09/26 - 10:36:41: Executing: CREATE TABLE ps_tab (id_tab INT AUTO_INCREMENT NOT NULL, id_parent INT NOT NULL, position INT NOT NULL, module VARCHAR(64) DEFAULT NULL, class_name VARCHAR(64) NOT NULL, route_name VARCHAR(256) DEFAULT NULL, active TINYINT(1) NOT NULL, enabled TINYINT(1) NOT NULL, icon VARCHAR(32) DEFAULT NULL, wording VARCHAR(255) DEFAULT NULL, wording_domain VARCHAR(255) DEFAULT NULL, PRIMARY KEY(id_tab)) DEFAULT CHARACTER SET utf8mb4 COLLATE `utf8mb4_unicode_ci` ENGINE = InnoDB
*ERROR* 	v8.1.7	2024/09/26 - 10:36:41: Executing: CREATE TABLE ps_api_access (id_api_access INT UNSIGNED AUTO_INCREMENT NOT NULL, id_authorized_application INT UNSIGNED NOT NULL, client_id VARCHAR(255) NOT NULL, client_secret VARCHAR(255) NOT NULL, active TINYINT(1) NOT NULL, scopes LONGTEXT NOT NULL COMMENT '(DC2Type:array)', INDEX IDX_6E064442D8BFF738 (id_authorized_application), PRIMARY KEY(id_api_access)) DEFAULT CHARACTER SET utf8mb4 COLLATE `utf8mb4_unicode_ci` ENGINE = InnoDB
*ERROR* 	v8.1.7	2024/09/26 - 10:36:41: Executing: CREATE TABLE ps_authorized_application (id_authorized_application INT UNSIGNED AUTO_INCREMENT NOT NULL, name VARCHAR(50) NOT NULL, description LONGTEXT NOT NULL, UNIQUE INDEX UNIQ_475B9BA55E237E06 (name), PRIMARY KEY(id_authorized_application)) DEFAULT CHARACTER SET utf8mb4 COLLATE `utf8mb4_unicode_ci` ENGINE = InnoDB
*ERROR* 	v8.1.7	2024/09/26 - 10:36:41: Executing: CREATE TABLE ps_module_history (id INT AUTO_INCREMENT NOT NULL, id_employee INT NOT NULL, id_module INT NOT NULL, date_add DATETIME NOT NULL, date_upd DATETIME NOT NULL, PRIMARY KEY(id)) DEFAULT CHARACTER SET utf8mb4 COLLATE `utf8mb4_unicode_ci` ENGINE = InnoDB
*ERROR* 	v8.1.7	2024/09/26 - 10:36:41: Executing: CREATE TABLE ps_attribute_group (id_attribute_group INT AUTO_INCREMENT NOT NULL, is_color_group TINYINT(1) NOT NULL, group_type VARCHAR(255) NOT NULL, position INT NOT NULL, PRIMARY KEY(id_attribute_group)) DEFAULT CHARACTER SET utf8mb4 COLLATE `utf8mb4_unicode_ci` ENGINE = InnoDB
*ERROR* 	v8.1.7	2024/09/26 - 10:36:41: Executing: CREATE TABLE ps_attribute_group_shop (id_attribute_group INT NOT NULL, id_shop INT NOT NULL, INDEX IDX_DB30BAAC67A664FB (id_attribute_group), INDEX IDX_DB30BAAC274A50A0 (id_shop), PRIMARY KEY(id_attribute_group, id_shop)) DEFAULT CHARACTER SET utf8mb4 COLLATE `utf8mb4_unicode_ci` ENGINE = InnoDB
*ERROR* 	v8.1.7	2024/09/26 - 10:36:41: Executing: CREATE TABLE ps_shop_group (id_shop_group INT AUTO_INCREMENT NOT NULL, name VARCHAR(64) NOT NULL, color VARCHAR(50) NOT NULL, share_customer TINYINT(1) NOT NULL, share_order TINYINT(1) NOT NULL, share_stock TINYINT(1) NOT NULL, active TINYINT(1) NOT NULL, deleted TINYINT(1) NOT NULL, PRIMARY KEY(id_shop_group)) DEFAULT CHARACTER SET utf8mb4 COLLATE `utf8mb4_unicode_ci` ENGINE = InnoDB
*ERROR* 	v8.1.7	2024/09/26 - 10:36:41: Executing: CREATE TABLE ps_attribute_group_lang (id_attribute_group INT NOT NULL, id_lang INT NOT NULL, name VARCHAR(128) NOT NULL, public_name VARCHAR(64) NOT NULL, INDEX IDX_4653726C67A664FB (id_attribute_group), INDEX IDX_4653726CBA299860 (id_lang), PRIMARY KEY(id_attribute_group, id_lang)) DEFAULT CHARACTER SET utf8mb4 COLLATE `utf8mb4_unicode_ci` ENGINE = InnoDB
*ERROR* 	v8.1.7	2024/09/26 - 10:36:41: Executing: CREATE TABLE ps_attribute_lang (id_attribute INT NOT NULL, id_lang INT NOT NULL, name VARCHAR(128) NOT NULL, INDEX IDX_3ABE46A77A4F53DC (id_attribute), INDEX IDX_3ABE46A7BA299860 (id_lang), PRIMARY KEY(id_attribute, id_lang)) DEFAULT CHARACTER SET utf8mb4 COLLATE `utf8mb4_unicode_ci` ENGINE = InnoDB
*ERROR* 	v8.1.7	2024/09/26 - 10:36:41: Executing: CREATE TABLE ps_stock_mvt (id_stock_mvt BIGINT AUTO_INCREMENT NOT NULL, id_stock INT NOT NULL, id_order INT DEFAULT NULL, id_supply_order INT DEFAULT NULL, id_stock_mvt_reason INT NOT NULL, id_employee INT NOT NULL, employee_lastname VARCHAR(255) DEFAULT NULL, employee_firstname VARCHAR(255) DEFAULT NULL, physical_quantity INT UNSIGNED NOT NULL, date_add DATETIME NOT NULL, sign SMALLINT DEFAULT 1 NOT NULL, price_te NUMERIC(20, 6) DEFAULT '0.000000', last_wa NUMERIC(20, 6) DEFAULT '0.000000', current_wa NUMERIC(20, 6) DEFAULT '0.000000', referer BIGINT DEFAULT NULL, INDEX id_stock (id_stock), INDEX id_stock_mvt_reason (id_stock_mvt_reason), PRIMARY KEY(id_stock_mvt)) DEFAULT CHARACTER SET utf8mb4 COLLATE `utf8mb4_unicode_ci` ENGINE = InnoDB
*ERROR* 	v8.1.7	2024/09/26 - 10:36:41: Executing: CREATE TABLE ps_attribute (id_attribute INT AUTO_INCREMENT NOT NULL, id_attribute_group INT NOT NULL, color VARCHAR(32) NOT NULL, position INT NOT NULL, INDEX attribute_group (id_attribute_group), PRIMARY KEY(id_attribute)) DEFAULT CHARACTER SET utf8mb4 COLLATE `utf8mb4_unicode_ci` ENGINE = InnoDB
*ERROR* 	v8.1.7	2024/09/26 - 10:36:41: Executing: CREATE TABLE ps_attribute_shop (id_attribute INT NOT NULL, id_shop INT NOT NULL, INDEX IDX_A7DD8E677A4F53DC (id_attribute), INDEX IDX_A7DD8E67274A50A0 (id_shop), PRIMARY KEY(id_attribute, id_shop)) DEFAULT CHARACTER SET utf8mb4 COLLATE `utf8mb4_unicode_ci` ENGINE = InnoDB
*ERROR* 	v8.1.7	2024/09/26 - 10:36:41: Executing: CREATE TABLE ps_tab_lang (id_tab INT NOT NULL, id_lang INT NOT NULL, name VARCHAR(128) NOT NULL, INDEX IDX_CFD9262DED47AB56 (id_tab), INDEX IDX_CFD9262DBA299860 (id_lang), PRIMARY KEY(id_tab, id_lang)) DEFAULT CHARACTER SET utf8mb4 COLLATE `utf8mb4_unicode_ci` ENGINE = InnoDB
*ERROR* 	v8.1.7	2024/09/26 - 10:36:41: Executing: CREATE TABLE ps_product_comment (id_product_comment INT AUTO_INCREMENT NOT NULL, id_product INT NOT NULL, id_customer INT NOT NULL, id_guest INT NOT NULL, customer_name VARCHAR(64) NOT NULL, title VARCHAR(64) NOT NULL, content LONGTEXT NOT NULL, grade INT NOT NULL, validate TINYINT(1) NOT NULL, deleted TINYINT(1) NOT NULL, date_add DATETIME NOT NULL, PRIMARY KEY(id_product_comment)) DEFAULT CHARACTER SET utf8mb4 COLLATE `utf8mb4_unicode_ci` ENGINE = InnoDB
*ERROR* 	v8.1.7	2024/09/26 - 10:36:41: Executing: CREATE TABLE ps_product_comment_grade (id_product_comment INT NOT NULL, id_product_comment_criterion INT NOT NULL, grade INT NOT NULL, INDEX IDX_A0128571ACF38A54 (id_product_comment), INDEX IDX_A01285718375853C (id_product_comment_criterion), PRIMARY KEY(id_product_comment, id_product_comment_criterion)) DEFAULT CHARACTER SET utf8mb4 COLLATE `utf8mb4_unicode_ci` ENGINE = InnoDB
*ERROR* 	v8.1.7	2024/09/26 - 10:36:41: Executing: CREATE TABLE ps_product_comment_criterion (id_product_comment_criterion INT AUTO_INCREMENT NOT NULL, id_product_comment_criterion_type INT NOT NULL, active TINYINT(1) NOT NULL, PRIMARY KEY(id_product_comment_criterion)) DEFAULT CHARACTER SET utf8mb4 COLLATE `utf8mb4_unicode_ci` ENGINE = InnoDB
*ERROR* 	v8.1.7	2024/09/26 - 10:36:41: Executing: CREATE TABLE ps_product_comment_criterion_lang (id_product_comment_criterion INT NOT NULL, id_lang INT NOT NULL, name VARCHAR(255) NOT NULL, INDEX IDX_B6FEE8208375853C (id_product_comment_criterion), INDEX IDX_B6FEE820BA299860 (id_lang), PRIMARY KEY(id_product_comment_criterion, id_lang)) DEFAULT CHARACTER SET utf8mb4 COLLATE `utf8mb4_unicode_ci` ENGINE = InnoDB
*ERROR* 	v8.1.7	2024/09/26 - 10:36:41: Executing: CREATE TABLE ps_product_comment_report (id_customer INT NOT NULL, id_product_comment INT NOT NULL, INDEX IDX_C2608AB0ACF38A54 (id_product_comment), PRIMARY KEY(id_product_comment, id_customer)) DEFAULT CHARACTER SET utf8mb4 COLLATE `utf8mb4_unicode_ci` ENGINE = InnoDB
*ERROR* 	v8.1.7	2024/09/26 - 10:36:41: Executing: CREATE TABLE ps_product_comment_usefulness (id_customer INT NOT NULL, id_product_comment INT NOT NULL, usefulness TINYINT(1) NOT NULL, INDEX IDX_49A8F246ACF38A54 (id_product_comment), PRIMARY KEY(id_product_comment, id_customer)) DEFAULT CHARACTER SET utf8mb4 COLLATE `utf8mb4_unicode_ci` ENGINE = InnoDB
*ERROR* 	v8.1.7	2024/09/26 - 10:36:41: Executing: CREATE TABLE ps_psxdesign_logo (id INT AUTO_INCREMENT NOT NULL, logo_destination 'header', 'email', 'invoice', logo_type 'text', 'image', text VARCHAR(64) NOT NULL, font VARCHAR(64) NOT NULL, use_header_logo TINYINT(1) NOT NULL, font_size INT NOT NULL, color VARCHAR(64) NOT NULL, style VARCHAR(64) NOT NULL, active TINYINT(1) NOT NULL, PRIMARY KEY(id)) DEFAULT CHARACTER SET utf8mb4 COLLATE `utf8mb4_unicode_ci` ENGINE = InnoDB
*ERROR* 	v8.1.7	2024/09/26 - 10:36:41: 10:36:41 CRITICAL  [console] Error thrown while running command "prestashop:schema:update-without-foreign --env=prod". Message: "There is no active transaction" ["exception" => PDOException { …},"command" => "prestashop:schema:update-without-foreign --env=prod","message" => "There is no active transaction"]
*ERROR* 	v8.1.7	2024/09/26 - 10:36:41: 
*ERROR* 	v8.1.7	2024/09/26 - 10:36:41: In Connection.php line 1854:
*ERROR* 	v8.1.7	2024/09/26 - 10:36:41:                                   
*ERROR* 	v8.1.7	2024/09/26 - 10:36:41:   There is no active transaction  
*ERROR* 	v8.1.7	2024/09/26 - 10:36:41:                                   
*ERROR* 	v8.1.7	2024/09/26 - 10:36:41: 
*ERROR* 	v8.1.7	2024/09/26 - 10:36:41: prestashop:schema:update-without-foreign [-h|--help] [-q|--quiet] [-v|vv|vvv|--verbose] [-V|--version] [--ansi] [--no-ansi] [-n|--no-interaction] [-e|--env ENV] [--no-debug] [--id_shop [ID_SHOP]] [--id_shop_group [ID_SHOP_GROUP]] [--] <command>
*ERROR* 	v8.1.7	2024/09/26 - 10:36:41: 
*ERROR* 	v8.1.7	2024/09/26 - 10:36:41: 
*ERROR* 	v8.1.7	2024/09/26 - 10:47:35: 
*ERROR* 	v8.1.7	2024/09/26 - 10:47:35:  [WARNING] Some commands could not be registered:                               
*ERROR* 	v8.1.7	2024/09/26 - 10:47:35: 
*ERROR* 	v8.1.7	2024/09/26 - 10:47:35: In Configuration.php line 331:
*ERROR* 	v8.1.7	2024/09/26 - 10:47:35:                                                                                
*ERROR* 	v8.1.7	2024/09/26 - 10:47:35:   PrestaShop\PrestaShop\Adapter\Configuration::restrictUpdatesTo(): Argument   
*ERROR* 	v8.1.7	2024/09/26 - 10:47:35:   #1 ($shop) must be of type Shop, null given, called in /opt/lampp/htdocs/pr  
*ERROR* 	v8.1.7	2024/09/26 - 10:47:35:   estashop/src/Core/Addon/Theme/ThemeManagerBuilder.php on line 61             
*ERROR* 	v8.1.7	2024/09/26 - 10:47:35:                                                                                
*ERROR* 	v8.1.7	2024/09/26 - 10:47:35: 
*ERROR* 	v8.1.7	2024/09/26 - 10:47:35: 
*ERROR* 	v8.1.7	2024/09/26 - 10:47:35:  [WARNING] Some commands could not be registered:                               
*ERROR* 	v8.1.7	2024/09/26 - 10:47:35: 
*ERROR* 	v8.1.7	2024/09/26 - 10:47:35: In Configuration.php line 331:
*ERROR* 	v8.1.7	2024/09/26 - 10:47:35:                                                                                
*ERROR* 	v8.1.7	2024/09/26 - 10:47:35:   PrestaShop\PrestaShop\Adapter\Configuration::restrictUpdatesTo(): Argument   
*ERROR* 	v8.1.7	2024/09/26 - 10:47:35:   #1 ($shop) must be of type Shop, null given, called in /opt/lampp/htdocs/pr  
*ERROR* 	v8.1.7	2024/09/26 - 10:47:35:   estashop/src/Core/Addon/Theme/ThemeManagerBuilder.php on line 61             
*ERROR* 	v8.1.7	2024/09/26 - 10:47:35:                                                                                
*ERROR* 	v8.1.7	2024/09/26 - 10:47:35: 
*ERROR* 	v8.1.7	2024/09/26 - 10:47:35: Updating database schema...
*ERROR* 	v8.1.7	2024/09/26 - 10:47:35: Executing: CREATE TABLE ps_lang (id_lang INT AUTO_INCREMENT NOT NULL, name VARCHAR(32) NOT NULL, active TINYINT(1) NOT NULL, iso_code VARCHAR(2) NOT NULL, language_code VARCHAR(5) NOT NULL, locale VARCHAR(5) NOT NULL, date_format_lite VARCHAR(32) NOT NULL, date_format_full VARCHAR(32) NOT NULL, is_rtl TINYINT(1) NOT NULL, PRIMARY KEY(id_lang)) DEFAULT CHARACTER SET utf8mb4 COLLATE `utf8mb4_unicode_ci` ENGINE = InnoDB
*ERROR* 	v8.1.7	2024/09/26 - 10:47:35: Executing: CREATE TABLE ps_lang_shop (id_lang INT NOT NULL, id_shop INT NOT NULL, INDEX IDX_2F43BFC7BA299860 (id_lang), INDEX IDX_2F43BFC7274A50A0 (id_shop), PRIMARY KEY(id_lang, id_shop)) DEFAULT CHARACTER SET utf8mb4 COLLATE `utf8mb4_unicode_ci` ENGINE = InnoDB
*ERROR* 	v8.1.7	2024/09/26 - 10:47:35: Executing: CREATE TABLE ps_feature_flag (id_feature_flag INT UNSIGNED AUTO_INCREMENT NOT NULL, name VARCHAR(191) NOT NULL, state TINYINT(1) DEFAULT '0' NOT NULL, label_wording VARCHAR(512) DEFAULT '' NOT NULL, label_domain VARCHAR(255) DEFAULT '' NOT NULL, description_wording VARCHAR(512) DEFAULT '' NOT NULL, description_domain VARCHAR(255) DEFAULT '' NOT NULL, stability VARCHAR(64) DEFAULT 'beta' NOT NULL, UNIQUE INDEX UNIQ_91700F175E237E06 (name), PRIMARY KEY(id_feature_flag)) DEFAULT CHARACTER SET utf8mb4 COLLATE `utf8mb4_unicode_ci` ENGINE = InnoDB
*ERROR* 	v8.1.7	2024/09/26 - 10:47:35: Executing: CREATE TABLE ps_admin_filter (id INT AUTO_INCREMENT NOT NULL, employee INT NOT NULL, shop INT NOT NULL, controller VARCHAR(60) NOT NULL, action VARCHAR(100) NOT NULL, filter LONGTEXT NOT NULL, filter_id VARCHAR(191) NOT NULL, UNIQUE INDEX admin_filter_search_id_idx (employee, shop, controller, action, filter_id), PRIMARY KEY(id)) DEFAULT CHARACTER SET utf8mb4 COLLATE `utf8mb4_unicode_ci` ENGINE = InnoDB
*ERROR* 	v8.1.7	2024/09/26 - 10:47:35: Executing: CREATE TABLE ps_tab (id_tab INT AUTO_INCREMENT NOT NULL, id_parent INT NOT NULL, position INT NOT NULL, module VARCHAR(64) DEFAULT NULL, class_name VARCHAR(64) NOT NULL, route_name VARCHAR(256) DEFAULT NULL, active TINYINT(1) NOT NULL, enabled TINYINT(1) NOT NULL, icon VARCHAR(32) DEFAULT NULL, wording VARCHAR(255) DEFAULT NULL, wording_domain VARCHAR(255) DEFAULT NULL, PRIMARY KEY(id_tab)) DEFAULT CHARACTER SET utf8mb4 COLLATE `utf8mb4_unicode_ci` ENGINE = InnoDB
*ERROR* 	v8.1.7	2024/09/26 - 10:47:35: Executing: CREATE TABLE ps_translation (id_translation INT AUTO_INCREMENT NOT NULL, id_lang INT NOT NULL, `key` TEXT NOT NULL COLLATE `utf8_bin`, translation TEXT NOT NULL, domain VARCHAR(80) NOT NULL, theme VARCHAR(32) DEFAULT NULL, INDEX IDX_ADEBEB36BA299860 (id_lang), INDEX `key` (domain), PRIMARY KEY(id_translation)) DEFAULT CHARACTER SET utf8mb4 COLLATE `utf8mb4_unicode_ci` ENGINE = InnoDB
*ERROR* 	v8.1.7	2024/09/26 - 10:47:35: Executing: CREATE TABLE ps_api_access (id_api_access INT UNSIGNED AUTO_INCREMENT NOT NULL, id_authorized_application INT UNSIGNED NOT NULL, client_id VARCHAR(255) NOT NULL, client_secret VARCHAR(255) NOT NULL, active TINYINT(1) NOT NULL, scopes LONGTEXT NOT NULL COMMENT '(DC2Type:array)', INDEX IDX_6E064442D8BFF738 (id_authorized_application), PRIMARY KEY(id_api_access)) DEFAULT CHARACTER SET utf8mb4 COLLATE `utf8mb4_unicode_ci` ENGINE = InnoDB
*ERROR* 	v8.1.7	2024/09/26 - 10:47:35: Executing: CREATE TABLE ps_authorized_application (id_authorized_application INT UNSIGNED AUTO_INCREMENT NOT NULL, name VARCHAR(50) NOT NULL, description LONGTEXT NOT NULL, UNIQUE INDEX UNIQ_475B9BA55E237E06 (name), PRIMARY KEY(id_authorized_application)) DEFAULT CHARACTER SET utf8mb4 COLLATE `utf8mb4_unicode_ci` ENGINE = InnoDB
*ERROR* 	v8.1.7	2024/09/26 - 10:47:35: Executing: CREATE TABLE ps_module_history (id INT AUTO_INCREMENT NOT NULL, id_employee INT NOT NULL, id_module INT NOT NULL, date_add DATETIME NOT NULL, date_upd DATETIME NOT NULL, PRIMARY KEY(id)) DEFAULT CHARACTER SET utf8mb4 COLLATE `utf8mb4_unicode_ci` ENGINE = InnoDB
*ERROR* 	v8.1.7	2024/09/26 - 10:47:35: Executing: CREATE TABLE ps_attribute_group (id_attribute_group INT AUTO_INCREMENT NOT NULL, is_color_group TINYINT(1) NOT NULL, group_type VARCHAR(255) NOT NULL, position INT NOT NULL, PRIMARY KEY(id_attribute_group)) DEFAULT CHARACTER SET utf8mb4 COLLATE `utf8mb4_unicode_ci` ENGINE = InnoDB
*ERROR* 	v8.1.7	2024/09/26 - 10:47:35: Executing: CREATE TABLE ps_attribute_group_shop (id_attribute_group INT NOT NULL, id_shop INT NOT NULL, INDEX IDX_DB30BAAC67A664FB (id_attribute_group), INDEX IDX_DB30BAAC274A50A0 (id_shop), PRIMARY KEY(id_attribute_group, id_shop)) DEFAULT CHARACTER SET utf8mb4 COLLATE `utf8mb4_unicode_ci` ENGINE = InnoDB
*ERROR* 	v8.1.7	2024/09/26 - 10:47:35: Executing: CREATE TABLE ps_shop_group (id_shop_group INT AUTO_INCREMENT NOT NULL, name VARCHAR(64) NOT NULL, color VARCHAR(50) NOT NULL, share_customer TINYINT(1) NOT NULL, share_order TINYINT(1) NOT NULL, share_stock TINYINT(1) NOT NULL, active TINYINT(1) NOT NULL, deleted TINYINT(1) NOT NULL, PRIMARY KEY(id_shop_group)) DEFAULT CHARACTER SET utf8mb4 COLLATE `utf8mb4_unicode_ci` ENGINE = InnoDB
*ERROR* 	v8.1.7	2024/09/26 - 10:47:35: Executing: CREATE TABLE ps_shop (id_shop INT AUTO_INCREMENT NOT NULL, id_shop_group INT NOT NULL, name VARCHAR(64) NOT NULL, color VARCHAR(50) NOT NULL, id_category INT NOT NULL, theme_name VARCHAR(255) NOT NULL, active TINYINT(1) NOT NULL, deleted TINYINT(1) NOT NULL, INDEX IDX_CBDFBB9EF5C9E40 (id_shop_group), PRIMARY KEY(id_shop)) DEFAULT CHARACTER SET utf8mb4 COLLATE `utf8mb4_unicode_ci` ENGINE = InnoDB
*ERROR* 	v8.1.7	2024/09/26 - 10:47:35: Executing: CREATE TABLE ps_attribute_group_lang (id_attribute_group INT NOT NULL, id_lang INT NOT NULL, name VARCHAR(128) NOT NULL, public_name VARCHAR(64) NOT NULL, INDEX IDX_4653726C67A664FB (id_attribute_group), INDEX IDX_4653726CBA299860 (id_lang), PRIMARY KEY(id_attribute_group, id_lang)) DEFAULT CHARACTER SET utf8mb4 COLLATE `utf8mb4_unicode_ci` ENGINE = InnoDB
*ERROR* 	v8.1.7	2024/09/26 - 10:47:35: Executing: CREATE TABLE ps_attribute_lang (id_attribute INT NOT NULL, id_lang INT NOT NULL, name VARCHAR(128) NOT NULL, INDEX IDX_3ABE46A77A4F53DC (id_attribute), INDEX IDX_3ABE46A7BA299860 (id_lang), PRIMARY KEY(id_attribute, id_lang)) DEFAULT CHARACTER SET utf8mb4 COLLATE `utf8mb4_unicode_ci` ENGINE = InnoDB
*ERROR* 	v8.1.7	2024/09/26 - 10:47:35: Executing: CREATE TABLE ps_stock_mvt (id_stock_mvt BIGINT AUTO_INCREMENT NOT NULL, id_stock INT NOT NULL, id_order INT DEFAULT NULL, id_supply_order INT DEFAULT NULL, id_stock_mvt_reason INT NOT NULL, id_employee INT NOT NULL, employee_lastname VARCHAR(255) DEFAULT NULL, employee_firstname VARCHAR(255) DEFAULT NULL, physical_quantity INT UNSIGNED NOT NULL, date_add DATETIME NOT NULL, sign SMALLINT DEFAULT 1 NOT NULL, price_te NUMERIC(20, 6) DEFAULT '0.000000', last_wa NUMERIC(20, 6) DEFAULT '0.000000', current_wa NUMERIC(20, 6) DEFAULT '0.000000', referer BIGINT DEFAULT NULL, INDEX id_stock (id_stock), INDEX id_stock_mvt_reason (id_stock_mvt_reason), PRIMARY KEY(id_stock_mvt)) DEFAULT CHARACTER SET utf8mb4 COLLATE `utf8mb4_unicode_ci` ENGINE = InnoDB
*ERROR* 	v8.1.7	2024/09/26 - 10:47:35: Executing: CREATE TABLE ps_attribute (id_attribute INT AUTO_INCREMENT NOT NULL, id_attribute_group INT NOT NULL, color VARCHAR(32) NOT NULL, position INT NOT NULL, INDEX attribute_group (id_attribute_group), PRIMARY KEY(id_attribute)) DEFAULT CHARACTER SET utf8mb4 COLLATE `utf8mb4_unicode_ci` ENGINE = InnoDB
*ERROR* 	v8.1.7	2024/09/26 - 10:47:35: Executing: CREATE TABLE ps_attribute_shop (id_attribute INT NOT NULL, id_shop INT NOT NULL, INDEX IDX_A7DD8E677A4F53DC (id_attribute), INDEX IDX_A7DD8E67274A50A0 (id_shop), PRIMARY KEY(id_attribute, id_shop)) DEFAULT CHARACTER SET utf8mb4 COLLATE `utf8mb4_unicode_ci` ENGINE = InnoDB
*ERROR* 	v8.1.7	2024/09/26 - 10:47:35: Executing: CREATE TABLE ps_tab_lang (id_tab INT NOT NULL, id_lang INT NOT NULL, name VARCHAR(128) NOT NULL, INDEX IDX_CFD9262DED47AB56 (id_tab), INDEX IDX_CFD9262DBA299860 (id_lang), PRIMARY KEY(id_tab, id_lang)) DEFAULT CHARACTER SET utf8mb4 COLLATE `utf8mb4_unicode_ci` ENGINE = InnoDB
*ERROR* 	v8.1.7	2024/09/26 - 10:47:35: Executing: CREATE TABLE ps_product_comment (id_product_comment INT AUTO_INCREMENT NOT NULL, id_product INT NOT NULL, id_customer INT NOT NULL, id_guest INT NOT NULL, customer_name VARCHAR(64) NOT NULL, title VARCHAR(64) NOT NULL, content LONGTEXT NOT NULL, grade INT NOT NULL, validate TINYINT(1) NOT NULL, deleted TINYINT(1) NOT NULL, date_add DATETIME NOT NULL, PRIMARY KEY(id_product_comment)) DEFAULT CHARACTER SET utf8mb4 COLLATE `utf8mb4_unicode_ci` ENGINE = InnoDB
*ERROR* 	v8.1.7	2024/09/26 - 10:47:35: Executing: CREATE TABLE ps_product_comment_grade (id_product_comment INT NOT NULL, id_product_comment_criterion INT NOT NULL, grade INT NOT NULL, INDEX IDX_A0128571ACF38A54 (id_product_comment), INDEX IDX_A01285718375853C (id_product_comment_criterion), PRIMARY KEY(id_product_comment, id_product_comment_criterion)) DEFAULT CHARACTER SET utf8mb4 COLLATE `utf8mb4_unicode_ci` ENGINE = InnoDB
*ERROR* 	v8.1.7	2024/09/26 - 10:47:35: Executing: CREATE TABLE ps_product_comment_criterion (id_product_comment_criterion INT AUTO_INCREMENT NOT NULL, id_product_comment_criterion_type INT NOT NULL, active TINYINT(1) NOT NULL, PRIMARY KEY(id_product_comment_criterion)) DEFAULT CHARACTER SET utf8mb4 COLLATE `utf8mb4_unicode_ci` ENGINE = InnoDB
*ERROR* 	v8.1.7	2024/09/26 - 10:47:35: Executing: CREATE TABLE ps_product_comment_criterion_lang (id_product_comment_criterion INT NOT NULL, id_lang INT NOT NULL, name VARCHAR(255) NOT NULL, INDEX IDX_B6FEE8208375853C (id_product_comment_criterion), INDEX IDX_B6FEE820BA299860 (id_lang), PRIMARY KEY(id_product_comment_criterion, id_lang)) DEFAULT CHARACTER SET utf8mb4 COLLATE `utf8mb4_unicode_ci` ENGINE = InnoDB
*ERROR* 	v8.1.7	2024/09/26 - 10:47:35: Executing: CREATE TABLE ps_product_comment_report (id_customer INT NOT NULL, id_product_comment INT NOT NULL, INDEX IDX_C2608AB0ACF38A54 (id_product_comment), PRIMARY KEY(id_product_comment, id_customer)) DEFAULT CHARACTER SET utf8mb4 COLLATE `utf8mb4_unicode_ci` ENGINE = InnoDB
*ERROR* 	v8.1.7	2024/09/26 - 10:47:35: Executing: CREATE TABLE ps_product_comment_usefulness (id_customer INT NOT NULL, id_product_comment INT NOT NULL, usefulness TINYINT(1) NOT NULL, INDEX IDX_49A8F246ACF38A54 (id_product_comment), PRIMARY KEY(id_product_comment, id_customer)) DEFAULT CHARACTER SET utf8mb4 COLLATE `utf8mb4_unicode_ci` ENGINE = InnoDB
*ERROR* 	v8.1.7	2024/09/26 - 10:47:35: Executing: CREATE TABLE ps_psxdesign_logo (id INT AUTO_INCREMENT NOT NULL, logo_destination 'header', 'email', 'invoice', logo_type 'text', 'image', text VARCHAR(64) NOT NULL, font VARCHAR(64) NOT NULL, use_header_logo TINYINT(1) NOT NULL, font_size INT NOT NULL, color VARCHAR(64) NOT NULL, style VARCHAR(64) NOT NULL, active TINYINT(1) NOT NULL, PRIMARY KEY(id)) DEFAULT CHARACTER SET utf8mb4 COLLATE `utf8mb4_unicode_ci` ENGINE = InnoDB
*ERROR* 	v8.1.7	2024/09/26 - 10:47:35: 10:47:35 CRITICAL  [console] Error thrown while running command "prestashop:schema:update-without-foreign --env=prod". Message: "There is no active transaction" ["exception" => PDOException { …},"command" => "prestashop:schema:update-without-foreign --env=prod","message" => "There is no active transaction"]
*ERROR* 	v8.1.7	2024/09/26 - 10:47:35: 
*ERROR* 	v8.1.7	2024/09/26 - 10:47:35: In Connection.php line 1854:
*ERROR* 	v8.1.7	2024/09/26 - 10:47:35:                                   
*ERROR* 	v8.1.7	2024/09/26 - 10:47:35:   There is no active transaction  
*ERROR* 	v8.1.7	2024/09/26 - 10:47:35:                                   
*ERROR* 	v8.1.7	2024/09/26 - 10:47:35: 
*ERROR* 	v8.1.7	2024/09/26 - 10:47:35: prestashop:schema:update-without-foreign [-h|--help] [-q|--quiet] [-v|vv|vvv|--verbose] [-V|--version] [--ansi] [--no-ansi] [-n|--no-interaction] [-e|--env ENV] [--no-debug] [--id_shop [ID_SHOP]] [--id_shop_group [ID_SHOP_GROUP]] [--] <command>
*ERROR* 	v8.1.7	2024/09/26 - 10:47:35: 
*ERROR* 	v8.1.7	2024/09/26 - 10:47:35: 
*ERROR* 	v8.1.7	2024/09/26 - 10:54:51: 
*ERROR* 	v8.1.7	2024/09/26 - 10:54:51:  [WARNING] Some commands could not be registered:                               
*ERROR* 	v8.1.7	2024/09/26 - 10:54:51: 
*ERROR* 	v8.1.7	2024/09/26 - 10:54:51: In Configuration.php line 331:
*ERROR* 	v8.1.7	2024/09/26 - 10:54:51:                                                                                
*ERROR* 	v8.1.7	2024/09/26 - 10:54:51:   PrestaShop\PrestaShop\Adapter\Configuration::restrictUpdatesTo(): Argument   
*ERROR* 	v8.1.7	2024/09/26 - 10:54:51:   #1 ($shop) must be of type Shop, null given, called in /opt/lampp/htdocs/pr  
*ERROR* 	v8.1.7	2024/09/26 - 10:54:51:   estashop/src/Core/Addon/Theme/ThemeManagerBuilder.php on line 61             
*ERROR* 	v8.1.7	2024/09/26 - 10:54:51:                                                                                
*ERROR* 	v8.1.7	2024/09/26 - 10:54:51: 
*ERROR* 	v8.1.7	2024/09/26 - 10:54:51: 
*ERROR* 	v8.1.7	2024/09/26 - 10:54:51:  [WARNING] Some commands could not be registered:                               
*ERROR* 	v8.1.7	2024/09/26 - 10:54:51: 
*ERROR* 	v8.1.7	2024/09/26 - 10:54:51: In Configuration.php line 331:
*ERROR* 	v8.1.7	2024/09/26 - 10:54:51:                                                                                
*ERROR* 	v8.1.7	2024/09/26 - 10:54:51:   PrestaShop\PrestaShop\Adapter\Configuration::restrictUpdatesTo(): Argument   
*ERROR* 	v8.1.7	2024/09/26 - 10:54:51:   #1 ($shop) must be of type Shop, null given, called in /opt/lampp/htdocs/pr  
*ERROR* 	v8.1.7	2024/09/26 - 10:54:51:   estashop/src/Core/Addon/Theme/ThemeManagerBuilder.php on line 61             
*ERROR* 	v8.1.7	2024/09/26 - 10:54:51:                                                                                
*ERROR* 	v8.1.7	2024/09/26 - 10:54:51: 
*ERROR* 	v8.1.7	2024/09/26 - 10:54:51: Updating database schema...
*ERROR* 	v8.1.7	2024/09/26 - 10:54:51: Executing: CREATE TABLE ps_lang (id_lang INT AUTO_INCREMENT NOT NULL, name VARCHAR(32) NOT NULL, active TINYINT(1) NOT NULL, iso_code VARCHAR(2) NOT NULL, language_code VARCHAR(5) NOT NULL, locale VARCHAR(5) NOT NULL, date_format_lite VARCHAR(32) NOT NULL, date_format_full VARCHAR(32) NOT NULL, is_rtl TINYINT(1) NOT NULL, PRIMARY KEY(id_lang)) DEFAULT CHARACTER SET utf8mb4 COLLATE `utf8mb4_unicode_ci` ENGINE = InnoDB
*ERROR* 	v8.1.7	2024/09/26 - 10:54:51: Executing: CREATE TABLE ps_lang_shop (id_lang INT NOT NULL, id_shop INT NOT NULL, INDEX IDX_2F43BFC7BA299860 (id_lang), INDEX IDX_2F43BFC7274A50A0 (id_shop), PRIMARY KEY(id_lang, id_shop)) DEFAULT CHARACTER SET utf8mb4 COLLATE `utf8mb4_unicode_ci` ENGINE = InnoDB
*ERROR* 	v8.1.7	2024/09/26 - 10:54:51: Executing: CREATE TABLE ps_feature_flag (id_feature_flag INT UNSIGNED AUTO_INCREMENT NOT NULL, name VARCHAR(191) NOT NULL, state TINYINT(1) DEFAULT '0' NOT NULL, label_wording VARCHAR(512) DEFAULT '' NOT NULL, label_domain VARCHAR(255) DEFAULT '' NOT NULL, description_wording VARCHAR(512) DEFAULT '' NOT NULL, description_domain VARCHAR(255) DEFAULT '' NOT NULL, stability VARCHAR(64) DEFAULT 'beta' NOT NULL, UNIQUE INDEX UNIQ_91700F175E237E06 (name), PRIMARY KEY(id_feature_flag)) DEFAULT CHARACTER SET utf8mb4 COLLATE `utf8mb4_unicode_ci` ENGINE = InnoDB
*ERROR* 	v8.1.7	2024/09/26 - 10:54:51: Executing: CREATE TABLE ps_admin_filter (id INT AUTO_INCREMENT NOT NULL, employee INT NOT NULL, shop INT NOT NULL, controller VARCHAR(60) NOT NULL, action VARCHAR(100) NOT NULL, filter LONGTEXT NOT NULL, filter_id VARCHAR(191) NOT NULL, UNIQUE INDEX admin_filter_search_id_idx (employee, shop, controller, action, filter_id), PRIMARY KEY(id)) DEFAULT CHARACTER SET utf8mb4 COLLATE `utf8mb4_unicode_ci` ENGINE = InnoDB
*ERROR* 	v8.1.7	2024/09/26 - 10:54:51: Executing: CREATE TABLE ps_tab (id_tab INT AUTO_INCREMENT NOT NULL, id_parent INT NOT NULL, position INT NOT NULL, module VARCHAR(64) DEFAULT NULL, class_name VARCHAR(64) NOT NULL, route_name VARCHAR(256) DEFAULT NULL, active TINYINT(1) NOT NULL, enabled TINYINT(1) NOT NULL, icon VARCHAR(32) DEFAULT NULL, wording VARCHAR(255) DEFAULT NULL, wording_domain VARCHAR(255) DEFAULT NULL, PRIMARY KEY(id_tab)) DEFAULT CHARACTER SET utf8mb4 COLLATE `utf8mb4_unicode_ci` ENGINE = InnoDB
*ERROR* 	v8.1.7	2024/09/26 - 10:54:51: Executing: CREATE TABLE ps_translation (id_translation INT AUTO_INCREMENT NOT NULL, id_lang INT NOT NULL, `key` TEXT NOT NULL COLLATE `utf8_bin`, translation TEXT NOT NULL, domain VARCHAR(80) NOT NULL, theme VARCHAR(32) DEFAULT NULL, INDEX IDX_ADEBEB36BA299860 (id_lang), INDEX `key` (domain), PRIMARY KEY(id_translation)) DEFAULT CHARACTER SET utf8mb4 COLLATE `utf8mb4_unicode_ci` ENGINE = InnoDB
*ERROR* 	v8.1.7	2024/09/26 - 10:54:51: Executing: CREATE TABLE ps_api_access (id_api_access INT UNSIGNED AUTO_INCREMENT NOT NULL, id_authorized_application INT UNSIGNED NOT NULL, client_id VARCHAR(255) NOT NULL, client_secret VARCHAR(255) NOT NULL, active TINYINT(1) NOT NULL, scopes LONGTEXT NOT NULL COMMENT '(DC2Type:array)', INDEX IDX_6E064442D8BFF738 (id_authorized_application), PRIMARY KEY(id_api_access)) DEFAULT CHARACTER SET utf8mb4 COLLATE `utf8mb4_unicode_ci` ENGINE = InnoDB
*ERROR* 	v8.1.7	2024/09/26 - 10:54:51: Executing: CREATE TABLE ps_authorized_application (id_authorized_application INT UNSIGNED AUTO_INCREMENT NOT NULL, name VARCHAR(50) NOT NULL, description LONGTEXT NOT NULL, UNIQUE INDEX UNIQ_475B9BA55E237E06 (name), PRIMARY KEY(id_authorized_application)) DEFAULT CHARACTER SET utf8mb4 COLLATE `utf8mb4_unicode_ci` ENGINE = InnoDB
*ERROR* 	v8.1.7	2024/09/26 - 10:54:51: Executing: CREATE TABLE ps_module_history (id INT AUTO_INCREMENT NOT NULL, id_employee INT NOT NULL, id_module INT NOT NULL, date_add DATETIME NOT NULL, date_upd DATETIME NOT NULL, PRIMARY KEY(id)) DEFAULT CHARACTER SET utf8mb4 COLLATE `utf8mb4_unicode_ci` ENGINE = InnoDB
*ERROR* 	v8.1.7	2024/09/26 - 10:54:51: Executing: CREATE TABLE ps_attribute_group (id_attribute_group INT AUTO_INCREMENT NOT NULL, is_color_group TINYINT(1) NOT NULL, group_type VARCHAR(255) NOT NULL, position INT NOT NULL, PRIMARY KEY(id_attribute_group)) DEFAULT CHARACTER SET utf8mb4 COLLATE `utf8mb4_unicode_ci` ENGINE = InnoDB
*ERROR* 	v8.1.7	2024/09/26 - 10:54:51: Executing: CREATE TABLE ps_attribute_group_shop (id_attribute_group INT NOT NULL, id_shop INT NOT NULL, INDEX IDX_DB30BAAC67A664FB (id_attribute_group), INDEX IDX_DB30BAAC274A50A0 (id_shop), PRIMARY KEY(id_attribute_group, id_shop)) DEFAULT CHARACTER SET utf8mb4 COLLATE `utf8mb4_unicode_ci` ENGINE = InnoDB
*ERROR* 	v8.1.7	2024/09/26 - 10:54:51: Executing: CREATE TABLE ps_shop_group (id_shop_group INT AUTO_INCREMENT NOT NULL, name VARCHAR(64) NOT NULL, color VARCHAR(50) NOT NULL, share_customer TINYINT(1) NOT NULL, share_order TINYINT(1) NOT NULL, share_stock TINYINT(1) NOT NULL, active TINYINT(1) NOT NULL, deleted TINYINT(1) NOT NULL, PRIMARY KEY(id_shop_group)) DEFAULT CHARACTER SET utf8mb4 COLLATE `utf8mb4_unicode_ci` ENGINE = InnoDB
*ERROR* 	v8.1.7	2024/09/26 - 10:54:51: Executing: CREATE TABLE ps_shop (id_shop INT AUTO_INCREMENT NOT NULL, id_shop_group INT NOT NULL, name VARCHAR(64) NOT NULL, color VARCHAR(50) NOT NULL, id_category INT NOT NULL, theme_name VARCHAR(255) NOT NULL, active TINYINT(1) NOT NULL, deleted TINYINT(1) NOT NULL, INDEX IDX_CBDFBB9EF5C9E40 (id_shop_group), PRIMARY KEY(id_shop)) DEFAULT CHARACTER SET utf8mb4 COLLATE `utf8mb4_unicode_ci` ENGINE = InnoDB
*ERROR* 	v8.1.7	2024/09/26 - 10:54:51: Executing: CREATE TABLE ps_attribute_group_lang (id_attribute_group INT NOT NULL, id_lang INT NOT NULL, name VARCHAR(128) NOT NULL, public_name VARCHAR(64) NOT NULL, INDEX IDX_4653726C67A664FB (id_attribute_group), INDEX IDX_4653726CBA299860 (id_lang), PRIMARY KEY(id_attribute_group, id_lang)) DEFAULT CHARACTER SET utf8mb4 COLLATE `utf8mb4_unicode_ci` ENGINE = InnoDB
*ERROR* 	v8.1.7	2024/09/26 - 10:54:51: Executing: CREATE TABLE ps_attribute_lang (id_attribute INT NOT NULL, id_lang INT NOT NULL, name VARCHAR(128) NOT NULL, INDEX IDX_3ABE46A77A4F53DC (id_attribute), INDEX IDX_3ABE46A7BA299860 (id_lang), PRIMARY KEY(id_attribute, id_lang)) DEFAULT CHARACTER SET utf8mb4 COLLATE `utf8mb4_unicode_ci` ENGINE = InnoDB
*ERROR* 	v8.1.7	2024/09/26 - 10:54:51: Executing: CREATE TABLE ps_stock_mvt (id_stock_mvt BIGINT AUTO_INCREMENT NOT NULL, id_stock INT NOT NULL, id_order INT DEFAULT NULL, id_supply_order INT DEFAULT NULL, id_stock_mvt_reason INT NOT NULL, id_employee INT NOT NULL, employee_lastname VARCHAR(255) DEFAULT NULL, employee_firstname VARCHAR(255) DEFAULT NULL, physical_quantity INT UNSIGNED NOT NULL, date_add DATETIME NOT NULL, sign SMALLINT DEFAULT 1 NOT NULL, price_te NUMERIC(20, 6) DEFAULT '0.000000', last_wa NUMERIC(20, 6) DEFAULT '0.000000', current_wa NUMERIC(20, 6) DEFAULT '0.000000', referer BIGINT DEFAULT NULL, INDEX id_stock (id_stock), INDEX id_stock_mvt_reason (id_stock_mvt_reason), PRIMARY KEY(id_stock_mvt)) DEFAULT CHARACTER SET utf8mb4 COLLATE `utf8mb4_unicode_ci` ENGINE = InnoDB
*ERROR* 	v8.1.7	2024/09/26 - 10:54:51: Executing: CREATE TABLE ps_attribute (id_attribute INT AUTO_INCREMENT NOT NULL, id_attribute_group INT NOT NULL, color VARCHAR(32) NOT NULL, position INT NOT NULL, INDEX attribute_group (id_attribute_group), PRIMARY KEY(id_attribute)) DEFAULT CHARACTER SET utf8mb4 COLLATE `utf8mb4_unicode_ci` ENGINE = InnoDB
*ERROR* 	v8.1.7	2024/09/26 - 10:54:51: Executing: CREATE TABLE ps_attribute_shop (id_attribute INT NOT NULL, id_shop INT NOT NULL, INDEX IDX_A7DD8E677A4F53DC (id_attribute), INDEX IDX_A7DD8E67274A50A0 (id_shop), PRIMARY KEY(id_attribute, id_shop)) DEFAULT CHARACTER SET utf8mb4 COLLATE `utf8mb4_unicode_ci` ENGINE = InnoDB
*ERROR* 	v8.1.7	2024/09/26 - 10:54:51: Executing: CREATE TABLE ps_tab_lang (id_tab INT NOT NULL, id_lang INT NOT NULL, name VARCHAR(128) NOT NULL, INDEX IDX_CFD9262DED47AB56 (id_tab), INDEX IDX_CFD9262DBA299860 (id_lang), PRIMARY KEY(id_tab, id_lang)) DEFAULT CHARACTER SET utf8mb4 COLLATE `utf8mb4_unicode_ci` ENGINE = InnoDB
*ERROR* 	v8.1.7	2024/09/26 - 10:54:51: Executing: CREATE TABLE ps_product_comment (id_product_comment INT AUTO_INCREMENT NOT NULL, id_product INT NOT NULL, id_customer INT NOT NULL, id_guest INT NOT NULL, customer_name VARCHAR(64) NOT NULL, title VARCHAR(64) NOT NULL, content LONGTEXT NOT NULL, grade INT NOT NULL, validate TINYINT(1) NOT NULL, deleted TINYINT(1) NOT NULL, date_add DATETIME NOT NULL, PRIMARY KEY(id_product_comment)) DEFAULT CHARACTER SET utf8mb4 COLLATE `utf8mb4_unicode_ci` ENGINE = InnoDB
*ERROR* 	v8.1.7	2024/09/26 - 10:54:51: Executing: CREATE TABLE ps_product_comment_grade (id_product_comment INT NOT NULL, id_product_comment_criterion INT NOT NULL, grade INT NOT NULL, INDEX IDX_A0128571ACF38A54 (id_product_comment), INDEX IDX_A01285718375853C (id_product_comment_criterion), PRIMARY KEY(id_product_comment, id_product_comment_criterion)) DEFAULT CHARACTER SET utf8mb4 COLLATE `utf8mb4_unicode_ci` ENGINE = InnoDB
*ERROR* 	v8.1.7	2024/09/26 - 10:54:51: Executing: CREATE TABLE ps_product_comment_criterion (id_product_comment_criterion INT AUTO_INCREMENT NOT NULL, id_product_comment_criterion_type INT NOT NULL, active TINYINT(1) NOT NULL, PRIMARY KEY(id_product_comment_criterion)) DEFAULT CHARACTER SET utf8mb4 COLLATE `utf8mb4_unicode_ci` ENGINE = InnoDB
*ERROR* 	v8.1.7	2024/09/26 - 10:54:51: Executing: CREATE TABLE ps_product_comment_criterion_lang (id_product_comment_criterion INT NOT NULL, id_lang INT NOT NULL, name VARCHAR(255) NOT NULL, INDEX IDX_B6FEE8208375853C (id_product_comment_criterion), INDEX IDX_B6FEE820BA299860 (id_lang), PRIMARY KEY(id_product_comment_criterion, id_lang)) DEFAULT CHARACTER SET utf8mb4 COLLATE `utf8mb4_unicode_ci` ENGINE = InnoDB
*ERROR* 	v8.1.7	2024/09/26 - 10:54:51: Executing: CREATE TABLE ps_product_comment_report (id_customer INT NOT NULL, id_product_comment INT NOT NULL, INDEX IDX_C2608AB0ACF38A54 (id_product_comment), PRIMARY KEY(id_product_comment, id_customer)) DEFAULT CHARACTER SET utf8mb4 COLLATE `utf8mb4_unicode_ci` ENGINE = InnoDB
*ERROR* 	v8.1.7	2024/09/26 - 10:54:51: Executing: CREATE TABLE ps_product_comment_usefulness (id_customer INT NOT NULL, id_product_comment INT NOT NULL, usefulness TINYINT(1) NOT NULL, INDEX IDX_49A8F246ACF38A54 (id_product_comment), PRIMARY KEY(id_product_comment, id_customer)) DEFAULT CHARACTER SET utf8mb4 COLLATE `utf8mb4_unicode_ci` ENGINE = InnoDB
*ERROR* 	v8.1.7	2024/09/26 - 10:54:51: Executing: CREATE TABLE ps_psxdesign_logo (id INT AUTO_INCREMENT NOT NULL, logo_destination 'header', 'email', 'invoice', logo_type 'text', 'image', text VARCHAR(64) NOT NULL, font VARCHAR(64) NOT NULL, use_header_logo TINYINT(1) NOT NULL, font_size INT NOT NULL, color VARCHAR(64) NOT NULL, style VARCHAR(64) NOT NULL, active TINYINT(1) NOT NULL, PRIMARY KEY(id)) DEFAULT CHARACTER SET utf8mb4 COLLATE `utf8mb4_unicode_ci` ENGINE = InnoDB
*ERROR* 	v8.1.7	2024/09/26 - 10:54:51: 10:54:51 CRITICAL  [console] Error thrown while running command "prestashop:schema:update-without-foreign --env=prod". Message: "There is no active transaction" ["exception" => PDOException { …},"command" => "prestashop:schema:update-without-foreign --env=prod","message" => "There is no active transaction"]
*ERROR* 	v8.1.7	2024/09/26 - 10:54:51: 
*ERROR* 	v8.1.7	2024/09/26 - 10:54:51: In Connection.php line 1854:
*ERROR* 	v8.1.7	2024/09/26 - 10:54:51:                                   
*ERROR* 	v8.1.7	2024/09/26 - 10:54:51:   There is no active transaction  
*ERROR* 	v8.1.7	2024/09/26 - 10:54:51:                                   
*ERROR* 	v8.1.7	2024/09/26 - 10:54:51: 
*ERROR* 	v8.1.7	2024/09/26 - 10:54:51: prestashop:schema:update-without-foreign [-h|--help] [-q|--quiet] [-v|vv|vvv|--verbose] [-V|--version] [--ansi] [--no-ansi] [-n|--no-interaction] [-e|--env ENV] [--no-debug] [--id_shop [ID_SHOP]] [--id_shop_group [ID_SHOP_GROUP]] [--] <command>
*ERROR* 	v8.1.7	2024/09/26 - 10:54:51: 
*ERROR* 	v8.1.7	2024/09/26 - 10:54:51: 
