[2024-10-03 16:31:26] request.INFO: Matched route "admin_psxdesign_theme_import_action". {"route":"admin_psxdesign_theme_import_action","route_parameters":{"_route":"admin_psxdesign_theme_import_action","_controller":"PrestaShop\\Module\\PsxDesign\\Controller\\Admin\\AdminPsxDesignThemeGeneralController::importThemeAction","_legacy_controller":"AdminThemes","_legacy_link":"AdminThemes:importtheme"},"request_uri":"http://localhost/prestashop/admin208qfgoushbdtcmpmx5/index.php/modules/improve/design/themes/import?_token=stKpv4NTCFdiMJr1vnPgif_5XrG9c6aIGI9vkiDmapA","method":"POST"} []
[2024-10-03 16:31:26] security.DEBUG: Read existing security token from the session. {"key":"_security_main","token_class":"Symfony\\Component\\Security\\Core\\Authentication\\Token\\UsernamePasswordToken"} []
[2024-10-03 16:31:26] security.DEBUG: User was reloaded from a user provider. {"provider":"PrestaShopBundle\\Security\\Admin\\EmployeeProvider","username":"contact@monsieurde.com"} []
[2024-10-03 16:31:27] app.ERROR: Configuration file not found C:\Users\nihmo\prestashop/var/cache/prod\sandbox/66feaabf16b5a//config/theme.yml [] []
[2024-10-03 16:31:27] security.DEBUG: Stored the security token in the session. {"key":"_security_main"} []
[2024-10-03 16:33:56] request.INFO: Matched route "admin_psxdesign_theme_import_action". {"route":"admin_psxdesign_theme_import_action","route_parameters":{"_route":"admin_psxdesign_theme_import_action","_controller":"PrestaShop\\Module\\PsxDesign\\Controller\\Admin\\AdminPsxDesignThemeGeneralController::importThemeAction","_legacy_controller":"AdminThemes","_legacy_link":"AdminThemes:importtheme"},"request_uri":"http://localhost/prestashop/admin208qfgoushbdtcmpmx5/index.php/modules/improve/design/themes/import?_token=stKpv4NTCFdiMJr1vnPgif_5XrG9c6aIGI9vkiDmapA","method":"POST"} []
[2024-10-03 16:33:56] security.DEBUG: Read existing security token from the session. {"key":"_security_main","token_class":"Symfony\\Component\\Security\\Core\\Authentication\\Token\\UsernamePasswordToken"} []
[2024-10-03 16:33:56] security.DEBUG: User was reloaded from a user provider. {"provider":"PrestaShopBundle\\Security\\Admin\\EmployeeProvider","username":"contact@monsieurde.com"} []
[2024-10-03 16:34:02] app.ERROR: No result was found for query although at least one row was expected. {"object_type":"Translation"} []
[2024-10-03 16:34:02] app.ERROR: No result was found for query although at least one row was expected. {"object_type":"Translation"} []
[2024-10-03 16:34:02] app.ERROR: No result was found for query although at least one row was expected. {"object_type":"Translation"} []
[2024-10-03 16:34:02] app.ERROR: No result was found for query although at least one row was expected. {"object_type":"Translation"} []
[2024-10-03 16:34:02] app.ERROR: No result was found for query although at least one row was expected. {"object_type":"Translation"} []
[2024-10-03 16:34:02] app.ERROR: No result was found for query although at least one row was expected. {"object_type":"Translation"} []
[2024-10-03 16:34:02] app.ERROR: You must specify as many arguments (%d, %s ...) as the original string. {"object_type":"Translation"} []
[2024-10-03 16:34:02] app.ERROR: No result was found for query although at least one row was expected. {"object_type":"Translation"} []
[2024-10-03 16:34:02] app.ERROR: No result was found for query although at least one row was expected. {"object_type":"Translation"} []
[2024-10-03 16:34:02] app.ERROR: No result was found for query although at least one row was expected. {"object_type":"Translation"} []
[2024-10-03 16:34:02] app.ERROR: No result was found for query although at least one row was expected. {"object_type":"Translation"} []
[2024-10-03 16:34:02] app.ERROR: No result was found for query although at least one row was expected. {"object_type":"Translation"} []
[2024-10-03 16:34:02] app.ERROR: No result was found for query although at least one row was expected. {"object_type":"Translation"} []
[2024-10-03 16:34:02] app.ERROR: No result was found for query although at least one row was expected. {"object_type":"Translation"} []
[2024-10-03 16:34:02] app.ERROR: No result was found for query although at least one row was expected. {"object_type":"Translation"} []
[2024-10-03 16:34:02] app.ERROR: No result was found for query although at least one row was expected. {"object_type":"Translation"} []
[2024-10-03 16:34:02] app.ERROR: No result was found for query although at least one row was expected. {"object_type":"Translation"} []
[2024-10-03 16:34:02] app.ERROR: No result was found for query although at least one row was expected. {"object_type":"Translation"} []
[2024-10-03 16:34:02] app.ERROR: No result was found for query although at least one row was expected. {"object_type":"Translation"} []
[2024-10-03 16:34:02] app.ERROR: No result was found for query although at least one row was expected. {"object_type":"Translation"} []
[2024-10-03 16:34:02] app.ERROR: No result was found for query although at least one row was expected. {"object_type":"Translation"} []
[2024-10-03 16:34:02] app.ERROR: You must specify as many arguments (%d, %s ...) as the original string. {"object_type":"Translation"} []
[2024-10-03 16:34:02] app.ERROR: No result was found for query although at least one row was expected. {"object_type":"Translation"} []
[2024-10-03 16:34:02] app.ERROR: No result was found for query although at least one row was expected. {"object_type":"Translation"} []
[2024-10-03 16:34:02] app.ERROR: No result was found for query although at least one row was expected. {"object_type":"Translation"} []
[2024-10-03 16:34:02] app.ERROR: No result was found for query although at least one row was expected. {"object_type":"Translation"} []
[2024-10-03 16:34:02] app.ERROR: No result was found for query although at least one row was expected. {"object_type":"Translation"} []
[2024-10-03 16:34:02] app.ERROR: No result was found for query although at least one row was expected. {"object_type":"Translation"} []
[2024-10-03 16:34:02] app.ERROR: No result was found for query although at least one row was expected. {"object_type":"Translation"} []
[2024-10-03 16:34:02] app.ERROR: No result was found for query although at least one row was expected. {"object_type":"Translation"} []
[2024-10-03 16:34:02] app.ERROR: No result was found for query although at least one row was expected. {"object_type":"Translation"} []
[2024-10-03 16:34:02] app.ERROR: No result was found for query although at least one row was expected. {"object_type":"Translation"} []
[2024-10-03 16:34:02] app.ERROR: No result was found for query although at least one row was expected. {"object_type":"Translation"} []
[2024-10-03 16:34:02] app.ERROR: No result was found for query although at least one row was expected. {"object_type":"Translation"} []
[2024-10-03 16:34:02] app.ERROR: No result was found for query although at least one row was expected. {"object_type":"Translation"} []
[2024-10-03 16:34:03] security.DEBUG: Stored the security token in the session. {"key":"_security_main"} []
